<?xml version="1.0" encoding="UTF-8"?>
<!-- Generated by org.testng.reporters.JUnitReportReporter -->
<testsuite hostname="DESKTOP-N4P7BLC" failures="0" tests="2" name="com.framework.android.testcases.registrationAndLoginFlowTests.InternationalLanguageTest" time="48.970" errors="0" timestamp="2023-05-02T18:56:25 IST" skipped="0">
  <testcase classname="com.framework.android.testcases.registrationAndLoginFlowTests.InternationalLanguageTest" name="verifySignInButtonsDisplay" time="23.793"/>
  <system-out/>
  <testcase classname="com.framework.android.testcases.registrationAndLoginFlowTests.InternationalLanguageTest" name="verifySignInButtonsDisplay" time="25.177"/>
  <system-out/>
</testsuite> <!-- com.framework.android.testcases.registrationAndLoginFlowTests.InternationalLanguageTest -->
