<?xml version="1.0" encoding="UTF-8"?>
<!-- Generated by org.testng.reporters.JUnitReportReporter -->
<testsuite hostname="DESKTOP-N4P7BLC" failures="0" tests="1" name="com.framework.android.testcases.registrationAndLoginFlowTests.LanguageSelectionTest" time="191.792" errors="0" timestamp="2023-05-07T23:12:03 IST" skipped="0">
  <testcase classname="com.framework.android.testcases.registrationAndLoginFlowTests.LanguageSelectionTest" name="verifyAvailableLanguagesInEnglish" time="191.792"/>
  <system-out/>
</testsuite> <!-- com.framework.android.testcases.registrationAndLoginFlowTests.LanguageSelectionTest -->
