<?xml version="1.0" encoding="UTF-8"?>
<!-- Generated by org.testng.reporters.JUnitReportReporter -->
<testsuite hostname="DESKTOP-N4P7BLC" failures="0" tests="1" name="com.framework.android.testcases.reportUserTests.ReportUserTest" time="164.551" errors="0" timestamp="2023-05-15T10:04:21 IST" skipped="0">
  <testcase classname="com.framework.android.testcases.reportUserTests.ReportUserTest" name="verifyReportUserOptions" time="164.551"/>
  <system-out/>
</testsuite> <!-- com.framework.android.testcases.reportUserTests.ReportUserTest -->
