<?xml version="1.0" encoding="UTF-8"?>
<!-- Generated by org.testng.reporters.JUnitReportReporter -->
<testsuite hostname="DESKTOP-U691P5C" failures="0" tests="1" name="com.framework.android.patasala.LoginPageTest" time="108.596" errors="1" timestamp="2024-01-18T14:42:35 IST" skipped="0">
  <testcase classname="com.framework.android.patasala.LoginPageTest" name="loginTest" time="108.596">
    <error message="Cached elements &#039;By.xpath: //android.widget.Toast&#039; do not exist in DOM anymore
For documentation on this error, please visit: http://seleniumhq.org/exceptions/stale_element_reference.html
Build info: version: &#039;3.14.0&#039;, revision: &#039;aacccce0&#039;, time: &#039;2018-08-02T20:19:58.91Z&#039;
System info: host: &#039;DESKTOP-U691P5C&#039;, ip: &#039;192.168.0.190&#039;, os.name: &#039;Windows 11&#039;, os.arch: &#039;amd64&#039;, os.version: &#039;10.0&#039;, java.version: &#039;17.0.8&#039;
Driver info: io.appium.java_client.android.AndroidDriver
Capabilities {app: C:\Mahesh\Mahesh\patasala-m..., appActivity: patasala.teacher.MainActivity, appPackage: patasala.teacher, autoGrantPermissions: true, automationName: uiautomator2, databaseEnabled: false, desired: {app: C:\Mahesh\Mahesh\patasala-m..., appActivity: patasala.teacher.MainActivity, appPackage: patasala.teacher, autoGrantPermissions: true, automationName: uiautomator2, newCommandTimeout: 3600, noReset: false, orientation: PORTRAIT, platformName: android, platformVersion: 14, udid: emulator-5554}, deviceApiLevel: 34, deviceManufacturer: Google, deviceModel: sdk_gphone64_x86_64, deviceName: emulator-5554, deviceScreenDensity: 420, deviceScreenSize: 1080x2400, deviceUDID: emulator-5554, javascriptEnabled: true, locationContextEnabled: false, networkConnectionEnabled: true, newCommandTimeout: 3600, noReset: false, orientation: PORTRAIT, pixelRatio: 2.625, platform: LINUX, platformName: ANDROID, platformVersion: 14, statBarHeight: 128, takesScreenshot: true, udid: emulator-5554, viewportRect: {height: 2081, left: 0, top: 128, width: 1080}, warnings: {}, webStorageEnabled: false}
Session ID: db81e313-c91c-41b5-b999-c11ed6a646b5" type="org.openqa.selenium.StaleElementReferenceException">
      <![CDATA[org.openqa.selenium.StaleElementReferenceException: Cached elements 'By.xpath: //android.widget.Toast' do not exist in DOM anymore
For documentation on this error, please visit: http://seleniumhq.org/exceptions/stale_element_reference.html
Build info: version: '3.14.0', revision: 'aacccce0', time: '2018-08-02T20:19:58.91Z'
System info: host: 'DESKTOP-U691P5C', ip: '192.168.0.190', os.name: 'Windows 11', os.arch: 'amd64', os.version: '10.0', java.version: '17.0.8'
Driver info: io.appium.java_client.android.AndroidDriver
Capabilities {app: C:\Mahesh\Mahesh\patasala-m..., appActivity: patasala.teacher.MainActivity, appPackage: patasala.teacher, autoGrantPermissions: true, automationName: uiautomator2, databaseEnabled: false, desired: {app: C:\Mahesh\Mahesh\patasala-m..., appActivity: patasala.teacher.MainActivity, appPackage: patasala.teacher, autoGrantPermissions: true, automationName: uiautomator2, newCommandTimeout: 3600, noReset: false, orientation: PORTRAIT, platformName: android, platformVersion: 14, udid: emulator-5554}, deviceApiLevel: 34, deviceManufacturer: Google, deviceModel: sdk_gphone64_x86_64, deviceName: emulator-5554, deviceScreenDensity: 420, deviceScreenSize: 1080x2400, deviceUDID: emulator-5554, javascriptEnabled: true, locationContextEnabled: false, networkConnectionEnabled: true, newCommandTimeout: 3600, noReset: false, orientation: PORTRAIT, pixelRatio: 2.625, platform: LINUX, platformName: ANDROID, platformVersion: 14, statBarHeight: 128, takesScreenshot: true, udid: emulator-5554, viewportRect: {height: 2081, left: 0, top: 128, width: 1080}, warnings: {}, webStorageEnabled: false}
Session ID: db81e313-c91c-41b5-b999-c11ed6a646b5
at java.base/jdk.internal.reflect.NativeConstructorAccessorImpl.newInstance0(Native Method)
at java.base/jdk.internal.reflect.NativeConstructorAccessorImpl.newInstance(NativeConstructorAccessorImpl.java:77)
at java.base/jdk.internal.reflect.DelegatingConstructorAccessorImpl.newInstance(DelegatingConstructorAccessorImpl.java:45)
at java.base/java.lang.reflect.Constructor.newInstanceWithCaller(Constructor.java:499)
at java.base/java.lang.reflect.Constructor.newInstance(Constructor.java:480)
at org.openqa.selenium.remote.http.W3CHttpResponseCodec.createException(W3CHttpResponseCodec.java:187)
at org.openqa.selenium.remote.http.W3CHttpResponseCodec.decode(W3CHttpResponseCodec.java:122)
at org.openqa.selenium.remote.http.W3CHttpResponseCodec.decode(W3CHttpResponseCodec.java:49)
at org.openqa.selenium.remote.HttpCommandExecutor.execute(HttpCommandExecutor.java:158)
at io.appium.java_client.remote.AppiumCommandExecutor.execute(AppiumCommandExecutor.java:239)
at org.openqa.selenium.remote.RemoteWebDriver.execute(RemoteWebDriver.java:548)
at io.appium.java_client.DefaultGenericMobileDriver.execute(DefaultGenericMobileDriver.java:41)
at io.appium.java_client.AppiumDriver.execute(AppiumDriver.java:1)
at io.appium.java_client.android.AndroidDriver.execute(AndroidDriver.java:1)
at org.openqa.selenium.remote.RemoteWebElement.execute(RemoteWebElement.java:276)
at io.appium.java_client.DefaultGenericMobileElement.execute(DefaultGenericMobileElement.java:45)
at io.appium.java_client.MobileElement.execute(MobileElement.java:1)
at io.appium.java_client.android.AndroidElement.execute(AndroidElement.java:1)
at org.openqa.selenium.remote.RemoteWebElement.getAttribute(RemoteWebElement.java:128)
at com.framework.android.utils.MobileActions.getToastMsg(MobileActions.java:172)
at com.framework.android.patasala.LonginPage.getTostmessage(LonginPage.java:144)
at com.framework.android.patasala.LoginPageTest.loginTest(LoginPageTest.java:41)
at java.base/jdk.internal.reflect.NativeMethodAccessorImpl.invoke0(Native Method)
at java.base/jdk.internal.reflect.NativeMethodAccessorImpl.invoke(NativeMethodAccessorImpl.java:77)
at java.base/jdk.internal.reflect.DelegatingMethodAccessorImpl.invoke(DelegatingMethodAccessorImpl.java:43)
at java.base/java.lang.reflect.Method.invoke(Method.java:568)
at org.testng.internal.MethodInvocationHelper.invokeMethod(MethodInvocationHelper.java:133)
at org.testng.internal.TestInvoker.invokeMethod(TestInvoker.java:598)
at org.testng.internal.TestInvoker.invokeTestMethod(TestInvoker.java:173)
at org.testng.internal.MethodRunner.runInSequence(MethodRunner.java:46)
at org.testng.internal.TestInvoker$MethodInvocationAgent.invoke(TestInvoker.java:824)
at org.testng.internal.TestInvoker.invokeTestMethods(TestInvoker.java:146)
at org.testng.internal.TestMethodWorker.invokeTestMethods(TestMethodWorker.java:146)
at org.testng.internal.TestMethodWorker.run(TestMethodWorker.java:128)
at java.base/java.util.ArrayList.forEach(ArrayList.java:1511)
at org.testng.TestRunner.privateRun(TestRunner.java:794)
at org.testng.TestRunner.run(TestRunner.java:596)
at org.testng.SuiteRunner.runTest(SuiteRunner.java:377)
at org.testng.SuiteRunner.runSequentially(SuiteRunner.java:371)
at org.testng.SuiteRunner.privateRun(SuiteRunner.java:332)
at org.testng.SuiteRunner.run(SuiteRunner.java:276)
at org.testng.SuiteRunnerWorker.runSuite(SuiteRunnerWorker.java:53)
at org.testng.SuiteRunnerWorker.run(SuiteRunnerWorker.java:96)
at org.testng.TestNG.runSuitesSequentially(TestNG.java:1212)
at org.testng.TestNG.runSuitesLocally(TestNG.java:1134)
at org.testng.TestNG.runSuites(TestNG.java:1063)
at org.testng.TestNG.run(TestNG.java:1031)
at org.testng.remote.AbstractRemoteTestNG.run(AbstractRemoteTestNG.java:115)
at org.testng.remote.RemoteTestNG.initAndRun(RemoteTestNG.java:251)
at org.testng.remote.RemoteTestNG.main(RemoteTestNG.java:77)
]]>
    </error>
  </testcase> <!-- loginTest -->
  <system-out/>
</testsuite> <!-- com.framework.android.patasala.LoginPageTest -->
