<?xml version="1.0" encoding="UTF-8"?>
<!-- Generated by org.testng.reporters.JUnitReportReporter -->
<testsuite hostname="DESKTOP-U691P5C" failures="0" tests="10" name="com.framework.api.testcases.TC001_Get_All_Employees" time="0.010" errors="1" timestamp="2024-01-05T10:37:00 IST" skipped="9">
  <testcase classname="com.framework.api.testcases.TC001_Get_All_Employees" name="checkserverType" time="0.000">
    <skipped/>
  </testcase> <!-- checkserverType -->
  <system-out/>
  <testcase classname="com.framework.api.testcases.TC001_Get_All_Employees" name="checkCookies" time="0.000">
    <skipped/>
  </testcase> <!-- checkCookies -->
  <system-out/>
  <testcase classname="com.framework.api.testcases.TC001_Get_All_Employees" name="checkContentLenght" time="0.000">
    <skipped/>
  </testcase> <!-- checkContentLenght -->
  <system-out/>
  <testcase classname="com.framework.api.testcases.TC001_Get_All_Employees" name="checkContentType" time="0.000">
    <skipped/>
  </testcase> <!-- checkContentType -->
  <system-out/>
  <testcase classname="com.framework.api.testcases.TC001_Get_All_Employees" name="getAllEmployees" time="0.010">
    <error message="Cannot invoke &quot;org.apache.log4j.Logger.info(Object)&quot; because &quot;this.logger&quot; is null" type="java.lang.NullPointerException">
      <![CDATA[java.lang.NullPointerException: Cannot invoke "org.apache.log4j.Logger.info(Object)" because "this.logger" is null
at com.framework.api.testcases.TC001_Get_All_Employees.getAllEmployees(TC001_Get_All_Employees.java:36)
at java.base/jdk.internal.reflect.NativeMethodAccessorImpl.invoke0(Native Method)
at java.base/jdk.internal.reflect.NativeMethodAccessorImpl.invoke(NativeMethodAccessorImpl.java:77)
at java.base/jdk.internal.reflect.DelegatingMethodAccessorImpl.invoke(DelegatingMethodAccessorImpl.java:43)
at java.base/java.lang.reflect.Method.invoke(Method.java:568)
at org.testng.internal.MethodInvocationHelper.invokeMethod(MethodInvocationHelper.java:133)
at org.testng.internal.MethodInvocationHelper.invokeMethodConsideringTimeout(MethodInvocationHelper.java:62)
at org.testng.internal.ConfigInvoker.invokeConfigurationMethod(ConfigInvoker.java:385)
at org.testng.internal.ConfigInvoker.invokeConfigurations(ConfigInvoker.java:321)
at org.testng.internal.TestMethodWorker.invokeBeforeClassMethods(TestMethodWorker.java:176)
at org.testng.internal.TestMethodWorker.run(TestMethodWorker.java:122)
at java.base/java.util.ArrayList.forEach(ArrayList.java:1511)
at org.testng.TestRunner.privateRun(TestRunner.java:794)
at org.testng.TestRunner.run(TestRunner.java:596)
at org.testng.SuiteRunner.runTest(SuiteRunner.java:377)
at org.testng.SuiteRunner.runSequentially(SuiteRunner.java:371)
at org.testng.SuiteRunner.privateRun(SuiteRunner.java:332)
at org.testng.SuiteRunner.run(SuiteRunner.java:276)
at org.testng.SuiteRunnerWorker.runSuite(SuiteRunnerWorker.java:53)
at org.testng.SuiteRunnerWorker.run(SuiteRunnerWorker.java:96)
at org.testng.TestNG.runSuitesSequentially(TestNG.java:1212)
at org.testng.TestNG.runSuitesLocally(TestNG.java:1134)
at org.testng.TestNG.runSuites(TestNG.java:1063)
at org.testng.TestNG.run(TestNG.java:1031)
at org.testng.remote.AbstractRemoteTestNG.run(AbstractRemoteTestNG.java:115)
at org.testng.remote.RemoteTestNG.initAndRun(RemoteTestNG.java:251)
at org.testng.remote.RemoteTestNG.main(RemoteTestNG.java:77)
]]>
    </error>
  </testcase> <!-- getAllEmployees -->
  <system-out/>
  <testcase classname="com.framework.api.testcases.TC001_Get_All_Employees" name="checkResponseTime" time="0.000">
    <skipped/>
  </testcase> <!-- checkResponseTime -->
  <system-out/>
  <testcase classname="com.framework.api.testcases.TC001_Get_All_Employees" name="checkResposeBody" time="0.000">
    <skipped/>
  </testcase> <!-- checkResposeBody -->
  <system-out/>
  <testcase classname="com.framework.api.testcases.TC001_Get_All_Employees" name="checkStatusCode" time="0.000">
    <skipped/>
  </testcase> <!-- checkStatusCode -->
  <system-out/>
  <testcase classname="com.framework.api.testcases.TC001_Get_All_Employees" name="checkstatusLine" time="0.000">
    <skipped/>
  </testcase> <!-- checkstatusLine -->
  <system-out/>
  <testcase classname="com.framework.api.testcases.TC001_Get_All_Employees" name="checkcontentEncoding" time="0.000">
    <skipped/>
  </testcase> <!-- checkcontentEncoding -->
  <system-out/>
</testsuite> <!-- com.framework.api.testcases.TC001_Get_All_Employees -->
